{
    "plan 1": {
     "Plan": {
       "Node Type": "Nested Loop",
       "Parallel Aware": false,
       "Join Type": "Inner",
       "Startup Cost": 778028.10,
       "Total Cost": 798225.11,
       "Plan Rows": 66,
       "Plan Width": 48,
       "Inner Unique": true,
       "Plans": [
         {
           "Node Type": "Nested Loop",
           "Parent Relationship": "Outer",
           "Parallel Aware": false,
           "Join Type": "Inner",
           "Startup Cost": 778027.67,
           "Total Cost": 798195.06,
           "Plan Rows": 66,
           "Plan Width": 37,
           "Inner Unique": true,
           "Plans": [
             {
               "Node Type": "Hash Join",
               "Parent Relationship": "Outer",
               "Parallel Aware": false,
               "Join Type": "Inner",
               "Startup Cost": 778027.24,
               "Total Cost": 795130.68,
               "Plan Rows": 6731,
               "Plan Width": 25,
               "Inner Unique": false,
               "Hash Cond": "(at.movie_id = t.id)",
               "Plans": [
                 {
                   "Node Type": "Seq Scan",
                   "Parent Relationship": "Outer",
                   "Parallel Aware": false,
                   "Relation Name": "aka_title",
                   "Alias": "at",
                   "Startup Cost": 0.00,
                   "Total Cost": 9806.71,
                   "Plan Rows": 361471,
                   "Plan Width": 4
                 },
                 {
                   "Node Type": "Hash",
                   "Parent Relationship": "Inner",
                   "Parallel Aware": false,
                   "Startup Cost": 777438.79,
                   "Total Cost": 777438.79,
                   "Plan Rows": 47076,
                   "Plan Width": 33,
                   "Plans": [
                     {
                       "Node Type": "Hash Join",
                       "Parent Relationship": "Outer",
                       "Parallel Aware": false,
                       "Join Type": "Inner",
                       "Startup Cost": 67642.07,
                       "Total Cost": 777438.79,
                       "Plan Rows": 47076,
                       "Plan Width": 33,
                       "Inner Unique": true,
                       "Hash Cond": "(ci.movie_id = t.id)",
                       "Plans": [
                         {
                           "Node Type": "Seq Scan",
                           "Parent Relationship": "Outer",
                           "Parallel Aware": false,
                           "Relation Name": "cast_info",
                           "Alias": "ci",
                           "Startup Cost": 0.00,
                           "Total Cost": 614747.12,
                           "Plan Rows": 36209312,
                           "Plan Width": 12
                         },
                         {
                           "Node Type": "Hash",
                           "Parent Relationship": "Inner",
                           "Parallel Aware": false,
                           "Startup Cost": 67600.99,
                           "Total Cost": 67600.99,
                           "Plan Rows": 3287,
                           "Plan Width": 21,
                           "Plans": [
                             {
                               "Node Type": "Seq Scan",
                               "Parent Relationship": "Outer",
                               "Parallel Aware": false,
                               "Relation Name": "title",
                               "Alias": "t",
                               "Startup Cost": 0.00,
                               "Total Cost": 67600.99,
                               "Plan Rows": 3287,
                               "Plan Width": 21,
                               "Filter": "(production_year = 2014)"
                             }
                           ]
                         }
                       ]
                     }
                   ]
                 }
               ]
             },
             {
               "Node Type": "Index Scan",
               "Parent Relationship": "Inner",
               "Parallel Aware": false,
               "Scan Direction": "Forward",
               "Index Name": "char_name_pkey",
               "Relation Name": "char_name",
               "Alias": "cn",
               "Startup Cost": 0.43,
               "Total Cost": 0.46,
               "Plan Rows": 1,
               "Plan Width": 20,
               "Index Cond": "(id = ci.person_role_id)",
               "Filter": "((name)::text ~~ '%John%'::text)"
             }
           ]
         },
         {
           "Node Type": "Index Scan",
           "Parent Relationship": "Inner",
           "Parallel Aware": false,
           "Scan Direction": "Forward",
           "Index Name": "name_pkey",
           "Relation Name": "name",
           "Alias": "n",
           "Startup Cost": 0.43,
           "Total Cost": 0.46,
           "Plan Rows": 1,
           "Plan Width": 19,
           "Index Cond": "(id = ci.person_id)"
         }
       ]
     }
   } ,
    "plan 2": {
     "Plan": {
       "Node Type": "Nested Loop",
       "Parallel Aware": false,
       "Join Type": "Inner",
       "Startup Cost": 91443.03,
       "Total Cost": 803395.48,
       "Plan Rows": 6,
       "Plan Width": 48,
       "Inner Unique": true,
       "Plans": [
         {
           "Node Type": "Nested Loop",
           "Parent Relationship": "Outer",
           "Parallel Aware": false,
           "Join Type": "Inner",
           "Startup Cost": 91442.60,
           "Total Cost": 803392.75,
           "Plan Rows": 6,
           "Plan Width": 37,
           "Inner Unique": true,
           "Join Filter": "(at.movie_id = t.id)",
           "Plans": [
             {
               "Node Type": "Hash Join",
               "Parent Relationship": "Outer",
               "Parallel Aware": false,
               "Join Type": "Inner",
               "Startup Cost": 91442.17,
               "Total Cost": 803104.32,
               "Plan Rows": 617,
               "Plan Width": 28,
               "Inner Unique": false,
               "Hash Cond": "(ci.movie_id = at.movie_id)",
               "Plans": [
                 {
                   "Node Type": "Hash Join",
                   "Parent Relationship": "Outer",
                   "Parallel Aware": false,
                   "Join Type": "Inner",
                   "Startup Cost": 75705.07,
                   "Total Cost": 785501.71,
                   "Plan Rows": 1745,
                   "Plan Width": 24,
                   "Inner Unique": true,
                   "Hash Cond": "(ci.person_role_id = cn.id)",
                   "Plans": [
                     {
                       "Node Type": "Seq Scan",
                       "Parent Relationship": "Outer",
                       "Parallel Aware": false,
                       "Relation Name": "cast_info",
                       "Alias": "ci",
                       "Startup Cost": 0.00,
                       "Total Cost": 614747.12,
                       "Plan Rows": 36209312,
                       "Plan Width": 12
                     },
                     {
                       "Node Type": "Hash",
                       "Parent Relationship": "Inner",
                       "Parallel Aware": false,
                       "Startup Cost": 75701.15,
                       "Total Cost": 75701.15,
                       "Plan Rows": 314,
                       "Plan Width": 20,
                       "Plans": [
                         {
                           "Node Type": "Seq Scan",
                           "Parent Relationship": "Outer",
                           "Parallel Aware": false,
                           "Relation Name": "char_name",
                           "Alias": "cn",
                           "Startup Cost": 0.00,
                           "Total Cost": 75701.15,
                           "Plan Rows": 314,
                           "Plan Width": 20,
                           "Filter": "((name)::text ~~ '%smith%'::text)"
                         }
                       ]
                     }
                   ]
                 },
                 {
                   "Node Type": "Hash",
                   "Parent Relationship": "Inner",
                   "Parallel Aware": false,
                   "Startup Cost": 9806.71,
                   "Total Cost": 9806.71,
                   "Plan Rows": 361471,
                   "Plan Width": 4,
                   "Plans": [
                     {
                       "Node Type": "Seq Scan",
                       "Parent Relationship": "Outer",
                       "Parallel Aware": false,
                       "Relation Name": "aka_title",
                       "Alias": "at",
                       "Startup Cost": 0.00,
                       "Total Cost": 9806.71,
                       "Plan Rows": 361471,
                       "Plan Width": 4
                     }
                   ]
                 }
               ]
             },
             {
               "Node Type": "Index Scan",
               "Parent Relationship": "Inner",
               "Parallel Aware": false,
               "Scan Direction": "Forward",
               "Index Name": "title_pkey",
               "Relation Name": "title",
               "Alias": "t",
               "Startup Cost": 0.43,
               "Total Cost": 0.45,
               "Plan Rows": 1,
               "Plan Width": 21,
               "Index Cond": "(id = ci.movie_id)",
               "Filter": "(production_year = 2013)"
             }
           ]
         },
         {
           "Node Type": "Index Scan",
           "Parent Relationship": "Inner",
           "Parallel Aware": false,
           "Scan Direction": "Forward",
           "Index Name": "name_pkey",
           "Relation Name": "name",
           "Alias": "n",
           "Startup Cost": 0.43,
           "Total Cost": 0.46,
           "Plan Rows": 1,
           "Plan Width": 19,
           "Index Cond": "(id = ci.person_id)"
         }
       ]
     }
   } ,
    "plan 3": {
     "Plan": {
       "Node Type": "Nested Loop",
       "Parallel Aware": false,
       "Join Type": "Inner",
       "Startup Cost": 155736.13,
       "Total Cost": 867429.27,
       "Plan Rows": 1235,
       "Plan Width": 48,
       "Inner Unique": true,
       "Plans": [
         {
           "Node Type": "Hash Join",
           "Parent Relationship": "Outer",
           "Parallel Aware": false,
           "Join Type": "Inner",
           "Startup Cost": 155735.70,
           "Total Cost": 866866.96,
           "Plan Rows": 1235,
           "Plan Width": 37,
           "Inner Unique": false,
           "Hash Cond": "(ci.movie_id = t.id)",
           "Plans": [
             {
               "Node Type": "Hash Join",
               "Parent Relationship": "Outer",
               "Parallel Aware": false,
               "Join Type": "Inner",
               "Startup Cost": 76494.16,
               "Total Cost": 786290.79,
               "Plan Rows": 352608,
               "Plan Width": 24,
               "Inner Unique": true,
               "Hash Cond": "(ci.person_role_id = cn.id)",
               "Plans": [
                 {
                   "Node Type": "Seq Scan",
                   "Parent Relationship": "Outer",
                   "Parallel Aware": false,
                   "Relation Name": "cast_info",
                   "Alias": "ci",
                   "Startup Cost": 0.00,
                   "Total Cost": 614747.12,
                   "Plan Rows": 36209312,
                   "Plan Width": 12
                 },
                 {
                   "Node Type": "Hash",
                   "Parent Relationship": "Inner",
                   "Parallel Aware": false,
                   "Startup Cost": 75701.15,
                   "Total Cost": 75701.15,
                   "Plan Rows": 63441,
                   "Plan Width": 20,
                   "Plans": [
                     {
                       "Node Type": "Seq Scan",
                       "Parent Relationship": "Outer",
                       "Parallel Aware": false,
                       "Relation Name": "char_name",
                       "Alias": "cn",
                       "Startup Cost": 0.00,
                       "Total Cost": 75701.15,
                       "Plan Rows": 63441,
                       "Plan Width": 20,
                       "Filter": "((name)::text ~~ '%John%'::text)"
                     }
                   ]
                 }
               ]
             },
             {
               "Node Type": "Hash",
               "Parent Relationship": "Inner",
               "Parallel Aware": false,
               "Startup Cost": 79130.83,
               "Total Cost": 79130.83,
               "Plan Rows": 8856,
               "Plan Width": 25,
               "Plans": [
                 {
                   "Node Type": "Hash Join",
                   "Parent Relationship": "Outer",
                   "Parallel Aware": false,
                   "Join Type": "Inner",
                   "Startup Cost": 68375.26,
                   "Total Cost": 79130.83,
                   "Plan Rows": 8856,
                   "Plan Width": 25,
                   "Inner Unique": true,
                   "Hash Cond": "(at.movie_id = t.id)",
                   "Plans": [
                     {
                       "Node Type": "Seq Scan",
                       "Parent Relationship": "Outer",
                       "Parallel Aware": false,
                       "Relation Name": "aka_title",
                       "Alias": "at",
                       "Startup Cost": 0.00,
                       "Total Cost": 9806.71,
                       "Plan Rows": 361471,
                       "Plan Width": 4
                     },
                     {
                       "Node Type": "Hash",
                       "Parent Relationship": "Inner",
                       "Parallel Aware": false,
                       "Startup Cost": 67600.99,
                       "Total Cost": 67600.99,
                       "Plan Rows": 61942,
                       "Plan Width": 21,
                       "Plans": [
                         {
                           "Node Type": "Seq Scan",
                           "Parent Relationship": "Outer",
                           "Parallel Aware": false,
                           "Relation Name": "title",
                           "Alias": "t",
                           "Startup Cost": 0.00,
                           "Total Cost": 67600.99,
                           "Plan Rows": 61942,
                           "Plan Width": 21,
                           "Filter": "(production_year = 2013)"
                         }
                       ]
                     }
                   ]
                 }
               ]
             }
           ]
         },
         {
           "Node Type": "Index Scan",
           "Parent Relationship": "Inner",
           "Parallel Aware": false,
           "Scan Direction": "Forward",
           "Index Name": "name_pkey",
           "Relation Name": "name",
           "Alias": "n",
           "Startup Cost": 0.43,
           "Total Cost": 0.46,
           "Plan Rows": 1,
           "Plan Width": 19,
           "Index Cond": "(id = ci.person_id)"
         }
       ]
     }
   }
}
